[debug] [2019-11-18T14:02:26.783Z] ----------------------------------------------------------------------
[debug] [2019-11-18T14:02:26.786Z] Command:       C:\Program Files\nodejs\node.exe C:\Users\admin\AppData\Roaming\npm\node_modules\firebase-tools\lib\bin\firebase.js emulators:start --only firestore
[debug] [2019-11-18T14:02:26.786Z] CLI Version:   7.6.2
[debug] [2019-11-18T14:02:26.786Z] Platform:      win32
[debug] [2019-11-18T14:02:26.786Z] Node Version:  v12.13.0
[debug] [2019-11-18T14:02:26.787Z] Time:          Mon Nov 18 2019 17:02:26 GMT+0300 (GMT+03:00)
[debug] [2019-11-18T14:02:26.787Z] ----------------------------------------------------------------------
[debug] [2019-11-18T14:02:26.788Z] 
[warn] !  Could not find config (firebase.json) so using defaults.
[info] i  Starting emulators: ["firestore"]
[warn] !  No Firestore rules file specified in firebase.json, using default rules.
[info] i  firestore: Serving ALL traffic (including WebChannel) on http://localhost:8080
[warn] !  firestore: Support for WebChannel on a separate port (8081) is DEPRECATED and will go away soon. Please use port above instead.
[info] i  firestore: downloading cloud-firestore-emulator-v1.9.0.jar...
[debug] [2019-11-18T14:02:38.458Z] Ignoring unsupported arg: projectId
[debug] [2019-11-18T14:02:38.458Z] Ignoring unsupported arg: auto_download
[debug] [2019-11-18T14:02:38.458Z] Starting emulator firestore with command {"binary":"java","args":["-Duser.language=en","-jar","C:\\Users\\admin\\.cache\\firebase\\emulators\\cloud-firestore-emulator-v1.9.0.jar","--host","localhost","--port",8080,"--webchannel_port",8081],"optionalArgs":["port","webchannel_port","host","rules","functions_emulator"]}
[info] i  firestore: Emulator logging to firestore-debug.log
[debug] [2019-11-18T14:02:40.139Z] API endpoint: http://localhost:
[debug] [2019-11-18T14:02:40.139Z] 8080
If you are using a library that supports the FIRESTORE_EMULATOR_HOST environment variable, run:

   export FIRESTORE_EMULATOR_HOST=localhost:8080

Dev App Server is now running.


[info] +  firestore: Emulator started at http://localhost:8080
[info] i  firestore: For testing set FIRESTORE_EMULATOR_HOST=localhost:8080
[info] +  All emulators started, it is now safe to connect.
[debug] [2019-11-18T14:05:37.312Z] Nov 18, 2019 5:05:37 PM io.gapi.emulators.netty.HttpVersionRoutingHandler channelRead
INFO: Detected non-HTTP/2 connection.

[debug] [2019-11-18T14:05:37.327Z] Nov 18, 2019 5:05:37 PM io.gapi.emulators.netty.NotFoundHandler handleRequest
INFO: Unknown request URI: /bad-request

[debug] [2019-11-18T14:06:33.244Z] Nov 18, 2019 5:06:33 PM io.gapi.emulators.netty.HttpVersionRoutingHandler channelRead
INFO: Detected non-HTTP/2 connection.

[debug] [2019-11-18T14:06:33.249Z] Nov 18, 2019 5:06:33 PM io.gapi.emulators.netty.NotFoundHandler handleRequest
INFO: Unknown request URI: /bad-request

[debug] [2019-11-18T14:07:13.024Z] Nov 18, 2019 5:07:13 PM io.gapi.emulators.netty.HttpVersionRoutingHandler channelRead
INFO: Detected non-HTTP/2 connection.

[debug] [2019-11-18T14:07:13.028Z] Nov 18, 2019 5:07:13 PM io.gapi.emulators.netty.NotFoundHandler handleRequest
INFO: Unknown request URI: /bad-request

[debug] [2019-11-18T14:07:53.025Z] Nov 18, 2019 5:07:53 PM io.gapi.emulators.netty.HttpVersionRoutingHandler channelRead
INFO: Detected non-HTTP/2 connection.

[debug] [2019-11-18T14:07:53.028Z] Nov 18, 2019 5:07:53 PM io.gapi.emulators.netty.NotFoundHandler handleRequest
INFO: Unknown request URI: /bad-request

[debug] [2019-11-18T14:07:53.228Z] Nov 18, 2019 5:07:53 PM io.gapi.emulators.netty.HttpVersionRoutingHandler channelRead
INFO: Detected non-HTTP/2 connection.

[debug] [2019-11-18T14:07:53.231Z] Nov 18, 2019 5:07:53 PM io.gapi.emulators.netty.NotFoundHandler handleRequest
INFO: Unknown request URI: /bad-request

[debug] [2019-11-18T14:10:53.214Z] Nov 18, 2019 5:10:53 PM io.gapi.emulators.netty.HttpVersionRoutingHandler channelRead
INFO: Detected non-HTTP/2 connection.

[debug] [2019-11-18T14:10:53.217Z] Nov 18, 2019 5:10:53 PM io.gapi.emulators.netty.NotFoundHandler handleRequest
INFO: Unknown request URI: /bad-request

[debug] [2019-11-18T14:11:34.212Z] Nov 18, 2019 5:11:34 PM io.gapi.emulators.netty.HttpVersionRoutingHandler channelRead
INFO: Detected non-HTTP/2 connection.

[debug] [2019-11-18T14:11:34.214Z] Nov 18, 2019 5:11:34 PM io.gapi.emulators.netty.NotFoundHandler handleRequest
INFO: Unknown request URI: /bad-request

[debug] [2019-11-18T14:15:37.213Z] Nov 18, 2019 5:15:37 PM io.gapi.emulators.netty.HttpVersionRoutingHandler channelRead
INFO: Detected non-HTTP/2 connection.

[debug] [2019-11-18T14:15:37.215Z] Nov 18, 2019 5:15:37 PM io.gapi.emulators.netty.NotFoundHandler handleRequest
INFO: Unknown request URI: /bad-request

[debug] [2019-11-18T14:17:53.042Z] Nov 18, 2019 5:17:53 PM io.gapi.emulators.netty.HttpVersionRoutingHandler channelRead
INFO: Detected non-HTTP/2 connection.

[debug] [2019-11-18T14:17:53.045Z] Nov 18, 2019 5:17:53 PM io.gapi.emulators.netty.NotFoundHandler handleRequest
INFO: Unknown request URI: /bad-request

[debug] [2019-11-18T14:17:54.222Z] Nov 18, 2019 5:17:54 PM io.gapi.emulators.netty.HttpVersionRoutingHandler channelRead
INFO: Detected non-HTTP/2 connection.

[debug] [2019-11-18T14:17:54.225Z] Nov 18, 2019 5:17:54 PM io.gapi.emulators.netty.NotFoundHandler handleRequest
INFO: Unknown request URI: /bad-request

[debug] [2019-11-18T14:20:53.211Z] Nov 18, 2019 5:20:53 PM io.gapi.emulators.netty.HttpVersionRoutingHandler channelRead
INFO: Detected non-HTTP/2 connection.

[debug] [2019-11-18T14:20:53.214Z] Nov 18, 2019 5:20:53 PM io.gapi.emulators.netty.NotFoundHandler handleRequest
INFO: Unknown request URI: /bad-request

[debug] [2019-11-18T14:21:34.213Z] Nov 18, 2019 5:21:34 PM io.gapi.emulators.netty.HttpVersionRoutingHandler channelRead
INFO: Detected non-HTTP/2 connection.

[debug] [2019-11-18T14:21:34.215Z] Nov 18, 2019 5:21:34 PM io.gapi.emulators.netty.NotFoundHandler handleRequest
INFO: Unknown request URI: /bad-request

[debug] [2019-11-18T14:25:37.212Z] Nov 18, 2019 5:25:37 PM io.gapi.emulators.netty.HttpVersionRoutingHandler channelRead
INFO: Detected non-HTTP/2 connection.

[debug] [2019-11-18T14:25:37.214Z] Nov 18, 2019 5:25:37 PM io.gapi.emulators.netty.NotFoundHandler handleRequest
INFO: Unknown request URI: /bad-request

[debug] [2019-11-18T14:27:53.226Z] Nov 18, 2019 5:27:53 PM io.gapi.emulators.netty.HttpVersionRoutingHandler channelRead
INFO: Detected non-HTTP/2 connection.

[debug] [2019-11-18T14:27:53.228Z] Nov 18, 2019 5:27:53 PM io.gapi.emulators.netty.NotFoundHandler handleRequest
INFO: Unknown request URI: /bad-request

[debug] [2019-11-18T14:27:54.224Z] Nov 18, 2019 5:27:54 PM io.gapi.emulators.netty.HttpVersionRoutingHandler channelRead
INFO: Detected non-HTTP/2 connection.

[debug] [2019-11-18T14:27:54.226Z] Nov 18, 2019 5:27:54 PM io.gapi.emulators.netty.NotFoundHandler handleRequest
INFO: Unknown request URI: /bad-request

[debug] [2019-11-18T14:30:53.211Z] Nov 18, 2019 5:30:53 PM io.gapi.emulators.netty.HttpVersionRoutingHandler channelRead
INFO: Detected non-HTTP/2 connection.

[debug] [2019-11-18T14:30:53.213Z] Nov 18, 2019 5:30:53 PM io.gapi.emulators.netty.NotFoundHandler handleRequest
INFO: Unknown request URI: /bad-request

